<?xml version="1.0" encoding="UTF-8"?>
<testsuite name="com.example.batchtestmysql.TestDeptRepository" tests="1" skipped="0" failures="0" errors="0" timestamp="2022-07-07T12:05:43" hostname="DESKTOP-5AH8AUN" time="1.046">
  <properties/>
  <testcase name="dept01()" classname="com.example.batchtestmysql.TestDeptRepository" time="1.046"/>
  <system-out><![CDATA[21:05:38.642 [Test worker] DEBUG org.springframework.test.context.BootstrapUtils - Instantiating CacheAwareContextLoaderDelegate from class [org.springframework.test.context.cache.DefaultCacheAwareContextLoaderDelegate]
21:05:38.657 [Test worker] DEBUG org.springframework.test.context.BootstrapUtils - Instantiating BootstrapContext using constructor [public org.springframework.test.context.support.DefaultBootstrapContext(java.lang.Class,org.springframework.test.context.CacheAwareContextLoaderDelegate)]
21:05:38.704 [Test worker] DEBUG org.springframework.test.context.BootstrapUtils - Instantiating TestContextBootstrapper for test class [com.example.batchtestmysql.TestDeptRepository] from class [org.springframework.boot.test.context.SpringBootTestContextBootstrapper]
21:05:38.720 [Test worker] INFO org.springframework.boot.test.context.SpringBootTestContextBootstrapper - Neither @ContextConfiguration nor @ContextHierarchy found for test class [com.example.batchtestmysql.TestDeptRepository], using SpringBootContextLoader
21:05:38.720 [Test worker] DEBUG org.springframework.test.context.support.AbstractContextLoader - Did not detect default resource location for test class [com.example.batchtestmysql.TestDeptRepository]: class path resource [com/example/batchtestmysql/TestDeptRepository-context.xml] does not exist
21:05:38.720 [Test worker] DEBUG org.springframework.test.context.support.AbstractContextLoader - Did not detect default resource location for test class [com.example.batchtestmysql.TestDeptRepository]: class path resource [com/example/batchtestmysql/TestDeptRepositoryContext.groovy] does not exist
21:05:38.720 [Test worker] INFO org.springframework.test.context.support.AbstractContextLoader - Could not detect default resource locations for test class [com.example.batchtestmysql.TestDeptRepository]: no resource found for suffixes {-context.xml, Context.groovy}.
21:05:38.720 [Test worker] INFO org.springframework.test.context.support.AnnotationConfigContextLoaderUtils - Could not detect default configuration classes for test class [com.example.batchtestmysql.TestDeptRepository]: TestDeptRepository does not declare any static, non-private, non-final, nested classes annotated with @Configuration.
21:05:38.783 [Test worker] DEBUG org.springframework.test.context.support.ActiveProfilesUtils - Could not find an 'annotation declaring class' for annotation type [org.springframework.test.context.ActiveProfiles] and class [com.example.batchtestmysql.TestDeptRepository]
21:05:38.845 [Test worker] DEBUG org.springframework.context.annotation.ClassPathScanningCandidateComponentProvider - Identified candidate component class: file [D:\INFOPLUS\STUDY\batchTestJPAMysql\build\classes\java\main\com\example\batchtestmysql\BatchTestMysqlApplication.class]
21:05:38.845 [Test worker] INFO org.springframework.boot.test.context.SpringBootTestContextBootstrapper - Found @SpringBootConfiguration com.example.batchtestmysql.BatchTestMysqlApplication for test class com.example.batchtestmysql.TestDeptRepository
21:05:38.954 [Test worker] DEBUG org.springframework.boot.test.context.SpringBootTestContextBootstrapper - @TestExecutionListeners is not present for class [com.example.batchtestmysql.TestDeptRepository]: using defaults.
21:05:38.954 [Test worker] INFO org.springframework.boot.test.context.SpringBootTestContextBootstrapper - Loaded default TestExecutionListener class names from location [META-INF/spring.factories]: [org.springframework.boot.test.autoconfigure.restdocs.RestDocsTestExecutionListener, org.springframework.boot.test.autoconfigure.web.client.MockRestServiceServerResetTestExecutionListener, org.springframework.boot.test.autoconfigure.web.servlet.MockMvcPrintOnlyOnFailureTestExecutionListener, org.springframework.boot.test.autoconfigure.web.servlet.WebDriverTestExecutionListener, org.springframework.boot.test.autoconfigure.webservices.client.MockWebServiceServerTestExecutionListener, org.springframework.boot.test.mock.mockito.MockitoTestExecutionListener, org.springframework.boot.test.mock.mockito.ResetMocksTestExecutionListener, org.springframework.test.context.web.ServletTestExecutionListener, org.springframework.test.context.support.DirtiesContextBeforeModesTestExecutionListener, org.springframework.test.context.event.ApplicationEventsTestExecutionListener, org.springframework.test.context.support.DependencyInjectionTestExecutionListener, org.springframework.test.context.support.DirtiesContextTestExecutionListener, org.springframework.test.context.transaction.TransactionalTestExecutionListener, org.springframework.test.context.jdbc.SqlScriptsTestExecutionListener, org.springframework.test.context.event.EventPublishingTestExecutionListener]
21:05:39.033 [Test worker] DEBUG org.springframework.boot.test.context.SpringBootTestContextBootstrapper - Skipping candidate TestExecutionListener [org.springframework.test.context.web.ServletTestExecutionListener] due to a missing dependency. Specify custom listener classes or make the default listener classes and their required dependencies available. Offending class: [javax/servlet/ServletContext]
21:05:39.048 [Test worker] INFO org.springframework.boot.test.context.SpringBootTestContextBootstrapper - Using TestExecutionListeners: [org.springframework.test.context.support.DirtiesContextBeforeModesTestExecutionListener@5851bd4f, org.springframework.test.context.event.ApplicationEventsTestExecutionListener@7cd1ac19, org.springframework.boot.test.mock.mockito.MockitoTestExecutionListener@2f40a43, org.springframework.boot.test.autoconfigure.SpringBootDependencyInjectionTestExecutionListener@3caa4757, org.springframework.test.context.support.DirtiesContextTestExecutionListener@69c43e48, org.springframework.test.context.transaction.TransactionalTestExecutionListener@1804f60d, org.springframework.test.context.jdbc.SqlScriptsTestExecutionListener@3a80515c, org.springframework.test.context.event.EventPublishingTestExecutionListener@547e29a4, org.springframework.boot.test.autoconfigure.restdocs.RestDocsTestExecutionListener@1c807b1d, org.springframework.boot.test.autoconfigure.web.client.MockRestServiceServerResetTestExecutionListener@238b521e, org.springframework.boot.test.autoconfigure.web.servlet.MockMvcPrintOnlyOnFailureTestExecutionListener@1b39fd82, org.springframework.boot.test.autoconfigure.web.servlet.WebDriverTestExecutionListener@3e2fc448, org.springframework.boot.test.autoconfigure.webservices.client.MockWebServiceServerTestExecutionListener@21680803, org.springframework.boot.test.mock.mockito.ResetMocksTestExecutionListener@588ab592]
21:05:39.048 [Test worker] DEBUG org.springframework.test.context.support.AbstractDirtiesContextTestExecutionListener - Before test class: context [DefaultTestContext@6d1310f6 testClass = TestDeptRepository, testInstance = [null], testMethod = [null], testException = [null], mergedContextConfiguration = [MergedContextConfiguration@3228d990 testClass = TestDeptRepository, locations = '{}', classes = '{class com.example.batchtestmysql.BatchTestMysqlApplication}', contextInitializerClasses = '[]', activeProfiles = '{}', propertySourceLocations = '{}', propertySourceProperties = '{org.springframework.boot.test.context.SpringBootTestContextBootstrapper=true}', contextCustomizers = set[org.springframework.boot.test.autoconfigure.actuate.metrics.MetricsExportContextCustomizerFactory$DisableMetricExportContextCustomizer@6eeade6c, org.springframework.boot.test.autoconfigure.properties.PropertyMappingContextCustomizer@0, org.springframework.boot.test.autoconfigure.web.servlet.WebDriverContextCustomizerFactory$Customizer@4febb875, org.springframework.boot.test.context.filter.ExcludeFilterContextCustomizer@328cf0e1, org.springframework.boot.test.json.DuplicateJsonObjectContextCustomizerFactory$DuplicateJsonObjectContextCustomizer@183e8023, org.springframework.boot.test.mock.mockito.MockitoContextCustomizer@0, org.springframework.boot.test.web.client.TestRestTemplateContextCustomizer@4ee37ca3, org.springframework.boot.test.context.SpringBootTestArgs@1, org.springframework.boot.test.context.SpringBootTestWebEnvironment@163370c2], contextLoader = 'org.springframework.boot.test.context.SpringBootContextLoader', parent = [null]], attributes = map[[empty]]], class annotated with @DirtiesContext [false] with mode [null].
21:05:39.079 [Test worker] DEBUG org.springframework.test.context.support.DependencyInjectionTestExecutionListener - Performing dependency injection for test context [[DefaultTestContext@6d1310f6 testClass = TestDeptRepository, testInstance = com.example.batchtestmysql.TestDeptRepository@7674a051, testMethod = [null], testException = [null], mergedContextConfiguration = [MergedContextConfiguration@3228d990 testClass = TestDeptRepository, locations = '{}', classes = '{class com.example.batchtestmysql.BatchTestMysqlApplication}', contextInitializerClasses = '[]', activeProfiles = '{}', propertySourceLocations = '{}', propertySourceProperties = '{org.springframework.boot.test.context.SpringBootTestContextBootstrapper=true}', contextCustomizers = set[org.springframework.boot.test.autoconfigure.actuate.metrics.MetricsExportContextCustomizerFactory$DisableMetricExportContextCustomizer@6eeade6c, org.springframework.boot.test.autoconfigure.properties.PropertyMappingContextCustomizer@0, org.springframework.boot.test.autoconfigure.web.servlet.WebDriverContextCustomizerFactory$Customizer@4febb875, org.springframework.boot.test.context.filter.ExcludeFilterContextCustomizer@328cf0e1, org.springframework.boot.test.json.DuplicateJsonObjectContextCustomizerFactory$DuplicateJsonObjectContextCustomizer@183e8023, org.springframework.boot.test.mock.mockito.MockitoContextCustomizer@0, org.springframework.boot.test.web.client.TestRestTemplateContextCustomizer@4ee37ca3, org.springframework.boot.test.context.SpringBootTestArgs@1, org.springframework.boot.test.context.SpringBootTestWebEnvironment@163370c2], contextLoader = 'org.springframework.boot.test.context.SpringBootContextLoader', parent = [null]], attributes = map['org.springframework.test.context.event.ApplicationEventsTestExecutionListener.recordApplicationEvents' -> false]]].

  .   ____          _            __ _ _
 /\\ / ___'_ __ _ _(_)_ __  __ _ \ \ \ \
( ( )\___ | '_ | '_| | '_ \/ _` | \ \ \ \
 \\/  ___)| |_)| | | | | || (_| |  ) ) ) )
  '  |____| .__|_| |_|_| |_\__, | / / / /
 =========|_|==============|___/=/_/_/_/
 :: Spring Boot ::                (v2.7.1)

2022-07-07 21:05:39.486  INFO 22708 --- [    Test worker] c.e.batchtestmysql.TestDeptRepository    : Starting TestDeptRepository using Java 11.0.15.1 on DESKTOP-5AH8AUN with PID 22708 (started by mask0083 in D:\INFOPLUS\STUDY\batchTestJPAMysql)
2022-07-07 21:05:39.486  INFO 22708 --- [    Test worker] c.e.batchtestmysql.TestDeptRepository    : No active profile set, falling back to 1 default profile: "default"
2022-07-07 21:05:40.031  INFO 22708 --- [    Test worker] .s.d.r.c.RepositoryConfigurationDelegate : Bootstrapping Spring Data JPA repositories in DEFAULT mode.
2022-07-07 21:05:40.094  INFO 22708 --- [    Test worker] .s.d.r.c.RepositoryConfigurationDelegate : Finished Spring Data repository scanning in 48 ms. Found 1 JPA repository interfaces.
2022-07-07 21:05:40.532  INFO 22708 --- [    Test worker] com.zaxxer.hikari.HikariDataSource       : HikariPool-1 - Starting...
2022-07-07 21:05:41.266  INFO 22708 --- [    Test worker] com.zaxxer.hikari.HikariDataSource       : HikariPool-1 - Start completed.
2022-07-07 21:05:41.454  INFO 22708 --- [    Test worker] o.hibernate.jpa.internal.util.LogHelper  : HHH000204: Processing PersistenceUnitInfo [name: default]
2022-07-07 21:05:41.532  INFO 22708 --- [    Test worker] org.hibernate.Version                    : HHH000412: Hibernate ORM core version 5.6.9.Final
2022-07-07 21:05:41.766  INFO 22708 --- [    Test worker] o.hibernate.annotations.common.Version   : HCANN000001: Hibernate Commons Annotations {5.1.2.Final}
2022-07-07 21:05:41.922  INFO 22708 --- [    Test worker] org.hibernate.dialect.Dialect            : HHH000400: Using dialect: org.hibernate.dialect.MySQL5InnoDBDialect
Hibernate: drop table if exists dept
Hibernate: create table dept (dept_no integer not null, d_name varchar(255), loc varchar(255), primary key (dept_no)) engine=InnoDB
2022-07-07 21:05:42.719  INFO 22708 --- [    Test worker] o.h.e.t.j.p.i.JtaPlatformInitiator       : HHH000490: Using JtaPlatform implementation: [org.hibernate.engine.transaction.jta.platform.internal.NoJtaPlatform]
2022-07-07 21:05:42.719  INFO 22708 --- [    Test worker] j.LocalContainerEntityManagerFactoryBean : Initialized JPA EntityManagerFactory for persistence unit 'default'
2022-07-07 21:05:42.923  WARN 22708 --- [    Test worker] o.s.b.a.batch.JpaBatchConfigurer         : JPA does not support custom isolation levels, so locks may not be taken when launching Jobs. To silence this warning, set 'spring.batch.jdbc.isolation-level-for-create' to 'default'.
2022-07-07 21:05:42.923  INFO 22708 --- [    Test worker] o.s.b.c.r.s.JobRepositoryFactoryBean     : No database type set, using meta data indicating: MYSQL
2022-07-07 21:05:43.204  INFO 22708 --- [    Test worker] o.s.b.c.l.support.SimpleJobLauncher      : No TaskExecutor has been set, defaulting to synchronous executor.
2022-07-07 21:05:43.735  INFO 22708 --- [    Test worker] c.e.batchtestmysql.TestDeptRepository    : Started TestDeptRepository in 4.636 seconds (JVM running for 6.857)
2022-07-07 21:05:43.735  INFO 22708 --- [    Test worker] o.s.b.a.b.JobLauncherApplicationRunner   : Running default command line with: []
test
Hibernate: select dept0_.dept_no as dept_no1_0_0_, dept0_.d_name as d_name2_0_0_, dept0_.loc as loc3_0_0_ from dept dept0_ where dept0_.dept_no=?
Hibernate: insert into dept (d_name, loc, dept_no) values (?, ?, ?)
Hibernate: select dept0_.dept_no as dept_no1_0_0_, dept0_.d_name as d_name2_0_0_, dept0_.loc as loc3_0_0_ from dept dept0_ where dept0_.dept_no=?
Hibernate: insert into dept (d_name, loc, dept_no) values (?, ?, ?)
Hibernate: select dept0_.dept_no as dept_no1_0_0_, dept0_.d_name as d_name2_0_0_, dept0_.loc as loc3_0_0_ from dept dept0_ where dept0_.dept_no=?
Hibernate: insert into dept (d_name, loc, dept_no) values (?, ?, ?)
Hibernate: select dept0_.dept_no as dept_no1_0_0_, dept0_.d_name as d_name2_0_0_, dept0_.loc as loc3_0_0_ from dept dept0_ where dept0_.dept_no=?
Hibernate: insert into dept (d_name, loc, dept_no) values (?, ?, ?)
Hibernate: select dept0_.dept_no as dept_no1_0_0_, dept0_.d_name as d_name2_0_0_, dept0_.loc as loc3_0_0_ from dept dept0_ where dept0_.dept_no=?
Hibernate: insert into dept (d_name, loc, dept_no) values (?, ?, ?)
Hibernate: select dept0_.dept_no as dept_no1_0_0_, dept0_.d_name as d_name2_0_0_, dept0_.loc as loc3_0_0_ from dept dept0_ where dept0_.dept_no=?
Hibernate: insert into dept (d_name, loc, dept_no) values (?, ?, ?)
Hibernate: select dept0_.dept_no as dept_no1_0_0_, dept0_.d_name as d_name2_0_0_, dept0_.loc as loc3_0_0_ from dept dept0_ where dept0_.dept_no=?
Hibernate: insert into dept (d_name, loc, dept_no) values (?, ?, ?)
Hibernate: select dept0_.dept_no as dept_no1_0_0_, dept0_.d_name as d_name2_0_0_, dept0_.loc as loc3_0_0_ from dept dept0_ where dept0_.dept_no=?
Hibernate: insert into dept (d_name, loc, dept_no) values (?, ?, ?)
Hibernate: select dept0_.dept_no as dept_no1_0_0_, dept0_.d_name as d_name2_0_0_, dept0_.loc as loc3_0_0_ from dept dept0_ where dept0_.dept_no=?
Hibernate: insert into dept (d_name, loc, dept_no) values (?, ?, ?)
Hibernate: select dept0_.dept_no as dept_no1_0_0_, dept0_.d_name as d_name2_0_0_, dept0_.loc as loc3_0_0_ from dept dept0_ where dept0_.dept_no=?
Hibernate: insert into dept (d_name, loc, dept_no) values (?, ?, ?)
Hibernate: select dept0_.dept_no as dept_no1_0_0_, dept0_.d_name as d_name2_0_0_, dept0_.loc as loc3_0_0_ from dept dept0_ where dept0_.dept_no=?
Hibernate: insert into dept (d_name, loc, dept_no) values (?, ?, ?)
Hibernate: select dept0_.dept_no as dept_no1_0_0_, dept0_.d_name as d_name2_0_0_, dept0_.loc as loc3_0_0_ from dept dept0_ where dept0_.dept_no=?
Hibernate: insert into dept (d_name, loc, dept_no) values (?, ?, ?)
Hibernate: select dept0_.dept_no as dept_no1_0_0_, dept0_.d_name as d_name2_0_0_, dept0_.loc as loc3_0_0_ from dept dept0_ where dept0_.dept_no=?
Hibernate: insert into dept (d_name, loc, dept_no) values (?, ?, ?)
Hibernate: select dept0_.dept_no as dept_no1_0_0_, dept0_.d_name as d_name2_0_0_, dept0_.loc as loc3_0_0_ from dept dept0_ where dept0_.dept_no=?
Hibernate: insert into dept (d_name, loc, dept_no) values (?, ?, ?)
Hibernate: select dept0_.dept_no as dept_no1_0_0_, dept0_.d_name as d_name2_0_0_, dept0_.loc as loc3_0_0_ from dept dept0_ where dept0_.dept_no=?
Hibernate: insert into dept (d_name, loc, dept_no) values (?, ?, ?)
Hibernate: select dept0_.dept_no as dept_no1_0_0_, dept0_.d_name as d_name2_0_0_, dept0_.loc as loc3_0_0_ from dept dept0_ where dept0_.dept_no=?
Hibernate: insert into dept (d_name, loc, dept_no) values (?, ?, ?)
Hibernate: select dept0_.dept_no as dept_no1_0_0_, dept0_.d_name as d_name2_0_0_, dept0_.loc as loc3_0_0_ from dept dept0_ where dept0_.dept_no=?
Hibernate: insert into dept (d_name, loc, dept_no) values (?, ?, ?)
Hibernate: select dept0_.dept_no as dept_no1_0_0_, dept0_.d_name as d_name2_0_0_, dept0_.loc as loc3_0_0_ from dept dept0_ where dept0_.dept_no=?
Hibernate: insert into dept (d_name, loc, dept_no) values (?, ?, ?)
Hibernate: select dept0_.dept_no as dept_no1_0_0_, dept0_.d_name as d_name2_0_0_, dept0_.loc as loc3_0_0_ from dept dept0_ where dept0_.dept_no=?
Hibernate: insert into dept (d_name, loc, dept_no) values (?, ?, ?)
Hibernate: select dept0_.dept_no as dept_no1_0_0_, dept0_.d_name as d_name2_0_0_, dept0_.loc as loc3_0_0_ from dept dept0_ where dept0_.dept_no=?
Hibernate: insert into dept (d_name, loc, dept_no) values (?, ?, ?)
Hibernate: select dept0_.dept_no as dept_no1_0_0_, dept0_.d_name as d_name2_0_0_, dept0_.loc as loc3_0_0_ from dept dept0_ where dept0_.dept_no=?
Hibernate: insert into dept (d_name, loc, dept_no) values (?, ?, ?)
Hibernate: select dept0_.dept_no as dept_no1_0_0_, dept0_.d_name as d_name2_0_0_, dept0_.loc as loc3_0_0_ from dept dept0_ where dept0_.dept_no=?
Hibernate: insert into dept (d_name, loc, dept_no) values (?, ?, ?)
Hibernate: select dept0_.dept_no as dept_no1_0_0_, dept0_.d_name as d_name2_0_0_, dept0_.loc as loc3_0_0_ from dept dept0_ where dept0_.dept_no=?
Hibernate: insert into dept (d_name, loc, dept_no) values (?, ?, ?)
Hibernate: select dept0_.dept_no as dept_no1_0_0_, dept0_.d_name as d_name2_0_0_, dept0_.loc as loc3_0_0_ from dept dept0_ where dept0_.dept_no=?
Hibernate: insert into dept (d_name, loc, dept_no) values (?, ?, ?)
Hibernate: select dept0_.dept_no as dept_no1_0_0_, dept0_.d_name as d_name2_0_0_, dept0_.loc as loc3_0_0_ from dept dept0_ where dept0_.dept_no=?
Hibernate: insert into dept (d_name, loc, dept_no) values (?, ?, ?)
Hibernate: select dept0_.dept_no as dept_no1_0_0_, dept0_.d_name as d_name2_0_0_, dept0_.loc as loc3_0_0_ from dept dept0_ where dept0_.dept_no=?
Hibernate: insert into dept (d_name, loc, dept_no) values (?, ?, ?)
Hibernate: select dept0_.dept_no as dept_no1_0_0_, dept0_.d_name as d_name2_0_0_, dept0_.loc as loc3_0_0_ from dept dept0_ where dept0_.dept_no=?
Hibernate: insert into dept (d_name, loc, dept_no) values (?, ?, ?)
Hibernate: select dept0_.dept_no as dept_no1_0_0_, dept0_.d_name as d_name2_0_0_, dept0_.loc as loc3_0_0_ from dept dept0_ where dept0_.dept_no=?
Hibernate: insert into dept (d_name, loc, dept_no) values (?, ?, ?)
Hibernate: select dept0_.dept_no as dept_no1_0_0_, dept0_.d_name as d_name2_0_0_, dept0_.loc as loc3_0_0_ from dept dept0_ where dept0_.dept_no=?
Hibernate: insert into dept (d_name, loc, dept_no) values (?, ?, ?)
Hibernate: select dept0_.dept_no as dept_no1_0_0_, dept0_.d_name as d_name2_0_0_, dept0_.loc as loc3_0_0_ from dept dept0_ where dept0_.dept_no=?
Hibernate: insert into dept (d_name, loc, dept_no) values (?, ?, ?)
Hibernate: select dept0_.dept_no as dept_no1_0_0_, dept0_.d_name as d_name2_0_0_, dept0_.loc as loc3_0_0_ from dept dept0_ where dept0_.dept_no=?
Hibernate: insert into dept (d_name, loc, dept_no) values (?, ?, ?)
Hibernate: select dept0_.dept_no as dept_no1_0_0_, dept0_.d_name as d_name2_0_0_, dept0_.loc as loc3_0_0_ from dept dept0_ where dept0_.dept_no=?
Hibernate: insert into dept (d_name, loc, dept_no) values (?, ?, ?)
Hibernate: select dept0_.dept_no as dept_no1_0_0_, dept0_.d_name as d_name2_0_0_, dept0_.loc as loc3_0_0_ from dept dept0_ where dept0_.dept_no=?
Hibernate: insert into dept (d_name, loc, dept_no) values (?, ?, ?)
Hibernate: select dept0_.dept_no as dept_no1_0_0_, dept0_.d_name as d_name2_0_0_, dept0_.loc as loc3_0_0_ from dept dept0_ where dept0_.dept_no=?
Hibernate: insert into dept (d_name, loc, dept_no) values (?, ?, ?)
Hibernate: select dept0_.dept_no as dept_no1_0_0_, dept0_.d_name as d_name2_0_0_, dept0_.loc as loc3_0_0_ from dept dept0_ where dept0_.dept_no=?
Hibernate: insert into dept (d_name, loc, dept_no) values (?, ?, ?)
Hibernate: select dept0_.dept_no as dept_no1_0_0_, dept0_.d_name as d_name2_0_0_, dept0_.loc as loc3_0_0_ from dept dept0_ where dept0_.dept_no=?
Hibernate: insert into dept (d_name, loc, dept_no) values (?, ?, ?)
Hibernate: select dept0_.dept_no as dept_no1_0_0_, dept0_.d_name as d_name2_0_0_, dept0_.loc as loc3_0_0_ from dept dept0_ where dept0_.dept_no=?
Hibernate: insert into dept (d_name, loc, dept_no) values (?, ?, ?)
Hibernate: select dept0_.dept_no as dept_no1_0_0_, dept0_.d_name as d_name2_0_0_, dept0_.loc as loc3_0_0_ from dept dept0_ where dept0_.dept_no=?
Hibernate: insert into dept (d_name, loc, dept_no) values (?, ?, ?)
Hibernate: select dept0_.dept_no as dept_no1_0_0_, dept0_.d_name as d_name2_0_0_, dept0_.loc as loc3_0_0_ from dept dept0_ where dept0_.dept_no=?
Hibernate: insert into dept (d_name, loc, dept_no) values (?, ?, ?)
Hibernate: select dept0_.dept_no as dept_no1_0_0_, dept0_.d_name as d_name2_0_0_, dept0_.loc as loc3_0_0_ from dept dept0_ where dept0_.dept_no=?
Hibernate: insert into dept (d_name, loc, dept_no) values (?, ?, ?)
Hibernate: select dept0_.dept_no as dept_no1_0_0_, dept0_.d_name as d_name2_0_0_, dept0_.loc as loc3_0_0_ from dept dept0_ where dept0_.dept_no=?
Hibernate: insert into dept (d_name, loc, dept_no) values (?, ?, ?)
Hibernate: select dept0_.dept_no as dept_no1_0_0_, dept0_.d_name as d_name2_0_0_, dept0_.loc as loc3_0_0_ from dept dept0_ where dept0_.dept_no=?
Hibernate: insert into dept (d_name, loc, dept_no) values (?, ?, ?)
Hibernate: select dept0_.dept_no as dept_no1_0_0_, dept0_.d_name as d_name2_0_0_, dept0_.loc as loc3_0_0_ from dept dept0_ where dept0_.dept_no=?
Hibernate: insert into dept (d_name, loc, dept_no) values (?, ?, ?)
Hibernate: select dept0_.dept_no as dept_no1_0_0_, dept0_.d_name as d_name2_0_0_, dept0_.loc as loc3_0_0_ from dept dept0_ where dept0_.dept_no=?
Hibernate: insert into dept (d_name, loc, dept_no) values (?, ?, ?)
Hibernate: select dept0_.dept_no as dept_no1_0_0_, dept0_.d_name as d_name2_0_0_, dept0_.loc as loc3_0_0_ from dept dept0_ where dept0_.dept_no=?
Hibernate: insert into dept (d_name, loc, dept_no) values (?, ?, ?)
Hibernate: select dept0_.dept_no as dept_no1_0_0_, dept0_.d_name as d_name2_0_0_, dept0_.loc as loc3_0_0_ from dept dept0_ where dept0_.dept_no=?
Hibernate: insert into dept (d_name, loc, dept_no) values (?, ?, ?)
Hibernate: select dept0_.dept_no as dept_no1_0_0_, dept0_.d_name as d_name2_0_0_, dept0_.loc as loc3_0_0_ from dept dept0_ where dept0_.dept_no=?
Hibernate: insert into dept (d_name, loc, dept_no) values (?, ?, ?)
Hibernate: select dept0_.dept_no as dept_no1_0_0_, dept0_.d_name as d_name2_0_0_, dept0_.loc as loc3_0_0_ from dept dept0_ where dept0_.dept_no=?
Hibernate: insert into dept (d_name, loc, dept_no) values (?, ?, ?)
Hibernate: select dept0_.dept_no as dept_no1_0_0_, dept0_.d_name as d_name2_0_0_, dept0_.loc as loc3_0_0_ from dept dept0_ where dept0_.dept_no=?
Hibernate: insert into dept (d_name, loc, dept_no) values (?, ?, ?)
Hibernate: select dept0_.dept_no as dept_no1_0_0_, dept0_.d_name as d_name2_0_0_, dept0_.loc as loc3_0_0_ from dept dept0_ where dept0_.dept_no=?
Hibernate: insert into dept (d_name, loc, dept_no) values (?, ?, ?)
Hibernate: select dept0_.dept_no as dept_no1_0_0_, dept0_.d_name as d_name2_0_0_, dept0_.loc as loc3_0_0_ from dept dept0_ where dept0_.dept_no=?
Hibernate: insert into dept (d_name, loc, dept_no) values (?, ?, ?)
Hibernate: select dept0_.dept_no as dept_no1_0_0_, dept0_.d_name as d_name2_0_0_, dept0_.loc as loc3_0_0_ from dept dept0_ where dept0_.dept_no=?
Hibernate: insert into dept (d_name, loc, dept_no) values (?, ?, ?)
Hibernate: select dept0_.dept_no as dept_no1_0_0_, dept0_.d_name as d_name2_0_0_, dept0_.loc as loc3_0_0_ from dept dept0_ where dept0_.dept_no=?
Hibernate: insert into dept (d_name, loc, dept_no) values (?, ?, ?)
Hibernate: select dept0_.dept_no as dept_no1_0_0_, dept0_.d_name as d_name2_0_0_, dept0_.loc as loc3_0_0_ from dept dept0_ where dept0_.dept_no=?
Hibernate: insert into dept (d_name, loc, dept_no) values (?, ?, ?)
Hibernate: select dept0_.dept_no as dept_no1_0_0_, dept0_.d_name as d_name2_0_0_, dept0_.loc as loc3_0_0_ from dept dept0_ where dept0_.dept_no=?
Hibernate: insert into dept (d_name, loc, dept_no) values (?, ?, ?)
Hibernate: select dept0_.dept_no as dept_no1_0_0_, dept0_.d_name as d_name2_0_0_, dept0_.loc as loc3_0_0_ from dept dept0_ where dept0_.dept_no=?
Hibernate: insert into dept (d_name, loc, dept_no) values (?, ?, ?)
Hibernate: select dept0_.dept_no as dept_no1_0_0_, dept0_.d_name as d_name2_0_0_, dept0_.loc as loc3_0_0_ from dept dept0_ where dept0_.dept_no=?
Hibernate: insert into dept (d_name, loc, dept_no) values (?, ?, ?)
Hibernate: select dept0_.dept_no as dept_no1_0_0_, dept0_.d_name as d_name2_0_0_, dept0_.loc as loc3_0_0_ from dept dept0_ where dept0_.dept_no=?
Hibernate: insert into dept (d_name, loc, dept_no) values (?, ?, ?)
Hibernate: select dept0_.dept_no as dept_no1_0_0_, dept0_.d_name as d_name2_0_0_, dept0_.loc as loc3_0_0_ from dept dept0_ where dept0_.dept_no=?
Hibernate: insert into dept (d_name, loc, dept_no) values (?, ?, ?)
Hibernate: select dept0_.dept_no as dept_no1_0_0_, dept0_.d_name as d_name2_0_0_, dept0_.loc as loc3_0_0_ from dept dept0_ where dept0_.dept_no=?
Hibernate: insert into dept (d_name, loc, dept_no) values (?, ?, ?)
Hibernate: select dept0_.dept_no as dept_no1_0_0_, dept0_.d_name as d_name2_0_0_, dept0_.loc as loc3_0_0_ from dept dept0_ where dept0_.dept_no=?
Hibernate: insert into dept (d_name, loc, dept_no) values (?, ?, ?)
Hibernate: select dept0_.dept_no as dept_no1_0_0_, dept0_.d_name as d_name2_0_0_, dept0_.loc as loc3_0_0_ from dept dept0_ where dept0_.dept_no=?
Hibernate: insert into dept (d_name, loc, dept_no) values (?, ?, ?)
Hibernate: select dept0_.dept_no as dept_no1_0_0_, dept0_.d_name as d_name2_0_0_, dept0_.loc as loc3_0_0_ from dept dept0_ where dept0_.dept_no=?
Hibernate: insert into dept (d_name, loc, dept_no) values (?, ?, ?)
Hibernate: select dept0_.dept_no as dept_no1_0_0_, dept0_.d_name as d_name2_0_0_, dept0_.loc as loc3_0_0_ from dept dept0_ where dept0_.dept_no=?
Hibernate: insert into dept (d_name, loc, dept_no) values (?, ?, ?)
Hibernate: select dept0_.dept_no as dept_no1_0_0_, dept0_.d_name as d_name2_0_0_, dept0_.loc as loc3_0_0_ from dept dept0_ where dept0_.dept_no=?
Hibernate: insert into dept (d_name, loc, dept_no) values (?, ?, ?)
Hibernate: select dept0_.dept_no as dept_no1_0_0_, dept0_.d_name as d_name2_0_0_, dept0_.loc as loc3_0_0_ from dept dept0_ where dept0_.dept_no=?
Hibernate: insert into dept (d_name, loc, dept_no) values (?, ?, ?)
Hibernate: select dept0_.dept_no as dept_no1_0_0_, dept0_.d_name as d_name2_0_0_, dept0_.loc as loc3_0_0_ from dept dept0_ where dept0_.dept_no=?
Hibernate: insert into dept (d_name, loc, dept_no) values (?, ?, ?)
Hibernate: select dept0_.dept_no as dept_no1_0_0_, dept0_.d_name as d_name2_0_0_, dept0_.loc as loc3_0_0_ from dept dept0_ where dept0_.dept_no=?
Hibernate: insert into dept (d_name, loc, dept_no) values (?, ?, ?)
Hibernate: select dept0_.dept_no as dept_no1_0_0_, dept0_.d_name as d_name2_0_0_, dept0_.loc as loc3_0_0_ from dept dept0_ where dept0_.dept_no=?
Hibernate: insert into dept (d_name, loc, dept_no) values (?, ?, ?)
Hibernate: select dept0_.dept_no as dept_no1_0_0_, dept0_.d_name as d_name2_0_0_, dept0_.loc as loc3_0_0_ from dept dept0_ where dept0_.dept_no=?
Hibernate: insert into dept (d_name, loc, dept_no) values (?, ?, ?)
Hibernate: select dept0_.dept_no as dept_no1_0_0_, dept0_.d_name as d_name2_0_0_, dept0_.loc as loc3_0_0_ from dept dept0_ where dept0_.dept_no=?
Hibernate: insert into dept (d_name, loc, dept_no) values (?, ?, ?)
Hibernate: select dept0_.dept_no as dept_no1_0_0_, dept0_.d_name as d_name2_0_0_, dept0_.loc as loc3_0_0_ from dept dept0_ where dept0_.dept_no=?
Hibernate: insert into dept (d_name, loc, dept_no) values (?, ?, ?)
Hibernate: select dept0_.dept_no as dept_no1_0_0_, dept0_.d_name as d_name2_0_0_, dept0_.loc as loc3_0_0_ from dept dept0_ where dept0_.dept_no=?
Hibernate: insert into dept (d_name, loc, dept_no) values (?, ?, ?)
Hibernate: select dept0_.dept_no as dept_no1_0_0_, dept0_.d_name as d_name2_0_0_, dept0_.loc as loc3_0_0_ from dept dept0_ where dept0_.dept_no=?
Hibernate: insert into dept (d_name, loc, dept_no) values (?, ?, ?)
Hibernate: select dept0_.dept_no as dept_no1_0_0_, dept0_.d_name as d_name2_0_0_, dept0_.loc as loc3_0_0_ from dept dept0_ where dept0_.dept_no=?
Hibernate: insert into dept (d_name, loc, dept_no) values (?, ?, ?)
Hibernate: select dept0_.dept_no as dept_no1_0_0_, dept0_.d_name as d_name2_0_0_, dept0_.loc as loc3_0_0_ from dept dept0_ where dept0_.dept_no=?
Hibernate: insert into dept (d_name, loc, dept_no) values (?, ?, ?)
Hibernate: select dept0_.dept_no as dept_no1_0_0_, dept0_.d_name as d_name2_0_0_, dept0_.loc as loc3_0_0_ from dept dept0_ where dept0_.dept_no=?
Hibernate: insert into dept (d_name, loc, dept_no) values (?, ?, ?)
Hibernate: select dept0_.dept_no as dept_no1_0_0_, dept0_.d_name as d_name2_0_0_, dept0_.loc as loc3_0_0_ from dept dept0_ where dept0_.dept_no=?
Hibernate: insert into dept (d_name, loc, dept_no) values (?, ?, ?)
Hibernate: select dept0_.dept_no as dept_no1_0_0_, dept0_.d_name as d_name2_0_0_, dept0_.loc as loc3_0_0_ from dept dept0_ where dept0_.dept_no=?
Hibernate: insert into dept (d_name, loc, dept_no) values (?, ?, ?)
Hibernate: select dept0_.dept_no as dept_no1_0_0_, dept0_.d_name as d_name2_0_0_, dept0_.loc as loc3_0_0_ from dept dept0_ where dept0_.dept_no=?
Hibernate: insert into dept (d_name, loc, dept_no) values (?, ?, ?)
Hibernate: select dept0_.dept_no as dept_no1_0_0_, dept0_.d_name as d_name2_0_0_, dept0_.loc as loc3_0_0_ from dept dept0_ where dept0_.dept_no=?
Hibernate: insert into dept (d_name, loc, dept_no) values (?, ?, ?)
Hibernate: select dept0_.dept_no as dept_no1_0_0_, dept0_.d_name as d_name2_0_0_, dept0_.loc as loc3_0_0_ from dept dept0_ where dept0_.dept_no=?
Hibernate: insert into dept (d_name, loc, dept_no) values (?, ?, ?)
Hibernate: select dept0_.dept_no as dept_no1_0_0_, dept0_.d_name as d_name2_0_0_, dept0_.loc as loc3_0_0_ from dept dept0_ where dept0_.dept_no=?
Hibernate: insert into dept (d_name, loc, dept_no) values (?, ?, ?)
Hibernate: select dept0_.dept_no as dept_no1_0_0_, dept0_.d_name as d_name2_0_0_, dept0_.loc as loc3_0_0_ from dept dept0_ where dept0_.dept_no=?
Hibernate: insert into dept (d_name, loc, dept_no) values (?, ?, ?)
Hibernate: select dept0_.dept_no as dept_no1_0_0_, dept0_.d_name as d_name2_0_0_, dept0_.loc as loc3_0_0_ from dept dept0_ where dept0_.dept_no=?
Hibernate: insert into dept (d_name, loc, dept_no) values (?, ?, ?)
Hibernate: select dept0_.dept_no as dept_no1_0_0_, dept0_.d_name as d_name2_0_0_, dept0_.loc as loc3_0_0_ from dept dept0_ where dept0_.dept_no=?
Hibernate: insert into dept (d_name, loc, dept_no) values (?, ?, ?)
Hibernate: select dept0_.dept_no as dept_no1_0_0_, dept0_.d_name as d_name2_0_0_, dept0_.loc as loc3_0_0_ from dept dept0_ where dept0_.dept_no=?
Hibernate: insert into dept (d_name, loc, dept_no) values (?, ?, ?)
Hibernate: select dept0_.dept_no as dept_no1_0_0_, dept0_.d_name as d_name2_0_0_, dept0_.loc as loc3_0_0_ from dept dept0_ where dept0_.dept_no=?
Hibernate: insert into dept (d_name, loc, dept_no) values (?, ?, ?)
Hibernate: select dept0_.dept_no as dept_no1_0_0_, dept0_.d_name as d_name2_0_0_, dept0_.loc as loc3_0_0_ from dept dept0_ where dept0_.dept_no=?
Hibernate: insert into dept (d_name, loc, dept_no) values (?, ?, ?)
Hibernate: select dept0_.dept_no as dept_no1_0_0_, dept0_.d_name as d_name2_0_0_, dept0_.loc as loc3_0_0_ from dept dept0_ where dept0_.dept_no=?
Hibernate: insert into dept (d_name, loc, dept_no) values (?, ?, ?)
Hibernate: select dept0_.dept_no as dept_no1_0_0_, dept0_.d_name as d_name2_0_0_, dept0_.loc as loc3_0_0_ from dept dept0_ where dept0_.dept_no=?
Hibernate: insert into dept (d_name, loc, dept_no) values (?, ?, ?)
Hibernate: select dept0_.dept_no as dept_no1_0_0_, dept0_.d_name as d_name2_0_0_, dept0_.loc as loc3_0_0_ from dept dept0_ where dept0_.dept_no=?
Hibernate: insert into dept (d_name, loc, dept_no) values (?, ?, ?)
Hibernate: select dept0_.dept_no as dept_no1_0_0_, dept0_.d_name as d_name2_0_0_, dept0_.loc as loc3_0_0_ from dept dept0_ where dept0_.dept_no=?
Hibernate: insert into dept (d_name, loc, dept_no) values (?, ?, ?)
Hibernate: select dept0_.dept_no as dept_no1_0_0_, dept0_.d_name as d_name2_0_0_, dept0_.loc as loc3_0_0_ from dept dept0_ where dept0_.dept_no=?
Hibernate: insert into dept (d_name, loc, dept_no) values (?, ?, ?)
Hibernate: select dept0_.dept_no as dept_no1_0_0_, dept0_.d_name as d_name2_0_0_, dept0_.loc as loc3_0_0_ from dept dept0_ where dept0_.dept_no=?
Hibernate: insert into dept (d_name, loc, dept_no) values (?, ?, ?)
Hibernate: select dept0_.dept_no as dept_no1_0_0_, dept0_.d_name as d_name2_0_0_, dept0_.loc as loc3_0_0_ from dept dept0_ where dept0_.dept_no=?
Hibernate: insert into dept (d_name, loc, dept_no) values (?, ?, ?)
Hibernate: select dept0_.dept_no as dept_no1_0_0_, dept0_.d_name as d_name2_0_0_, dept0_.loc as loc3_0_0_ from dept dept0_ where dept0_.dept_no=?
Hibernate: insert into dept (d_name, loc, dept_no) values (?, ?, ?)
Hibernate: select dept0_.dept_no as dept_no1_0_0_, dept0_.d_name as d_name2_0_0_, dept0_.loc as loc3_0_0_ from dept dept0_ where dept0_.dept_no=?
Hibernate: insert into dept (d_name, loc, dept_no) values (?, ?, ?)
Hibernate: select dept0_.dept_no as dept_no1_0_0_, dept0_.d_name as d_name2_0_0_, dept0_.loc as loc3_0_0_ from dept dept0_ where dept0_.dept_no=?
Hibernate: insert into dept (d_name, loc, dept_no) values (?, ?, ?)
Hibernate: select dept0_.dept_no as dept_no1_0_0_, dept0_.d_name as d_name2_0_0_, dept0_.loc as loc3_0_0_ from dept dept0_ where dept0_.dept_no=?
Hibernate: insert into dept (d_name, loc, dept_no) values (?, ?, ?)
]]></system-out>
  <system-err><![CDATA[]]></system-err>
</testsuite>
